{
  "stats": {
    "suites": 4,
    "tests": 52,
    "passes": 52,
    "pending": 0,
    "failures": 0,
    "start": "2020-02-02T22:59:48.861Z",
    "end": "2020-02-02T22:59:49.681Z",
    "duration": 820,
    "testsRegistered": 52,
    "passPercent": 100,
    "pendingPercent": 0,
    "other": 0,
    "hasOther": false,
    "skipped": 0,
    "hasSkipped": false
  },
  "results": [
    {
      "uuid": "418961e6-ad3b-4489-b6f9-7adfeb5493df",
      "title": "",
      "fullFile": "",
      "file": "",
      "beforeHooks": [],
      "afterHooks": [],
      "tests": [],
      "suites": [
        {
          "uuid": "bed6f8fd-09eb-4fa8-bf3c-7f79754e96bd",
          "title": "This test Validates the response payload structure as well as store details for the city of Brandon Florida",
          "fullFile": "C:\\git\\rtgSeeInStore\\specs\\brandonCityDetailsTest.js",
          "file": "\\specs\\brandonCityDetailsTest.js",
          "beforeHooks": [],
          "afterHooks": [],
          "tests": [
            {
              "title": "Should make get call and save response",
              "fullTitle": "This test Validates the response payload structure as well as store details for the city of Brandon Florida Should make get call and save response",
              "timedOut": false,
              "duration": 130,
              "state": "passed",
              "speed": "slow",
              "pass": true,
              "fail": false,
              "pending": false,
              "context": null,
              "code": "const getParams = \"?\" + \"sku=\"+ scenario.sku + \"&zipcode=\" + scenario.zipCode;\n        request( getParams, function( err, rsp ){\n        \tif( err ){\n        \t\tconsole.log( err );\n                done();\n        \t} else {\n        \t\tresponse = rsp.body;\n        \t\tstatusCode = rsp.statusCode;\n                done();\n        \t}\n        });",
              "err": {},
              "uuid": "f0df94a1-900a-4c8b-8bda-644ffaf63a7e",
              "parentUUID": "bed6f8fd-09eb-4fa8-bf3c-7f79754e96bd",
              "isHook": false,
              "skipped": false
            },
            {
              "title": "Should validate all address response obj properties are accordingly returned",
              "fullTitle": "This test Validates the response payload structure as well as store details for the city of Brandon Florida Should validate all address response obj properties are accordingly returned",
              "timedOut": false,
              "duration": 5,
              "state": "passed",
              "speed": "fast",
              "pass": true,
              "fail": false,
              "pending": false,
              "context": null,
              "code": "response.forEach( function( addrObj ){\n\tlet addrObjproperties = Object.getOwnPropertyNames( addrObj ).sort();\n    let responseProperties = [ 'address1','city','hours','latitude','longitude','phoneNumber','state','storeName','storeNumber','zipcode' ]\n    if( addrObjproperties.length > 10 ){\n        responseProperties.push( 'address2' );\n    }\n    expect( addrObjproperties ).to.eql( responseProperties.sort() );\n});",
              "err": {},
              "uuid": "3ad182d0-5217-438d-91d1-530eb58f295c",
              "parentUUID": "bed6f8fd-09eb-4fa8-bf3c-7f79754e96bd",
              "isHook": false,
              "skipped": false
            },
            {
              "title": "Should validate all hours response obj properties are accordingly returned",
              "fullTitle": "This test Validates the response payload structure as well as store details for the city of Brandon Florida Should validate all hours response obj properties are accordingly returned",
              "timedOut": false,
              "duration": 1,
              "state": "passed",
              "speed": "fast",
              "pass": true,
              "fail": false,
              "pending": false,
              "context": null,
              "code": "response.forEach( function( addrObj, i ){\n    let hoursObjProperties = Object.getOwnPropertyNames( addrObj.hours ).sort();\n    let options = {\n        0: JSON.stringify( [ 'regularHours','specialHours' ].sort() ),\n        1: JSON.stringify( [ 'regularHours','pickupHours' ].sort() ),\n        3: JSON.stringify( [ 'regularHours','pickupHours', 'specialHours' ].sort() ),\n        4: JSON.stringify( [ 'pickupHours', 'specialHours' ].sort() )\n    };\n    let a = JSON.stringify( hoursObjProperties );                \n    let t = function(){\n        if( a === options[ 0 ] || a === options[ 1 ] || a === options[ 2 ] || a === options[ 3 ] || a === options[ 4 ] ){\n            return true;\n        } else {\n            return false;\n        }\n    }\n    expect( t() ).to.equal( true );\n});",
              "err": {},
              "uuid": "77b8844a-f9da-42c6-8e4f-29822438c661",
              "parentUUID": "bed6f8fd-09eb-4fa8-bf3c-7f79754e96bd",
              "isHook": false,
              "skipped": false
            },
            {
              "title": "Should capture and save specific city object from response",
              "fullTitle": "This test Validates the response payload structure as well as store details for the city of Brandon Florida Should capture and save specific city object from response",
              "timedOut": false,
              "duration": 0,
              "state": "passed",
              "speed": "fast",
              "pass": true,
              "fail": false,
              "pending": false,
              "context": null,
              "code": "singlObjFromResp = response.find( function( obj ){\n    return obj.city = cityName;\n});\ndone();",
              "err": {},
              "uuid": "08d64e75-1472-45f0-a71c-3ff929776cd7",
              "parentUUID": "bed6f8fd-09eb-4fa8-bf3c-7f79754e96bd",
              "isHook": false,
              "skipped": false
            },
            {
              "title": "Should validate correct first line address is returned",
              "fullTitle": "This test Validates the response payload structure as well as store details for the city of Brandon Florida Should validate correct first line address is returned",
              "timedOut": false,
              "duration": 1,
              "state": "passed",
              "speed": "fast",
              "pass": true,
              "fail": false,
              "pending": false,
              "context": null,
              "code": "expect( singlObjFromResp.address1 ).to.equal( scenario.address1 );",
              "err": {},
              "uuid": "8319f589-941d-41b9-8ce8-d81d49f7700b",
              "parentUUID": "bed6f8fd-09eb-4fa8-bf3c-7f79754e96bd",
              "isHook": false,
              "skipped": false
            },
            {
              "title": "Should validate the correct city latitude is returned",
              "fullTitle": "This test Validates the response payload structure as well as store details for the city of Brandon Florida Should validate the correct city latitude is returned",
              "timedOut": false,
              "duration": 0,
              "state": "passed",
              "speed": "fast",
              "pass": true,
              "fail": false,
              "pending": false,
              "context": null,
              "code": "expect( singlObjFromResp.latitude ).to.equal( scenario.latitude );",
              "err": {},
              "uuid": "5f27372f-a3b5-46fa-b08a-c713a57a1438",
              "parentUUID": "bed6f8fd-09eb-4fa8-bf3c-7f79754e96bd",
              "isHook": false,
              "skipped": false
            },
            {
              "title": "Should validate the correct city longitude is returned",
              "fullTitle": "This test Validates the response payload structure as well as store details for the city of Brandon Florida Should validate the correct city longitude is returned",
              "timedOut": false,
              "duration": 0,
              "state": "passed",
              "speed": "fast",
              "pass": true,
              "fail": false,
              "pending": false,
              "context": null,
              "code": "expect( singlObjFromResp.longitude ).to.equal( scenario.longitude );",
              "err": {},
              "uuid": "62eb0b7b-cbae-47f1-a4e5-1ad7d621d44e",
              "parentUUID": "bed6f8fd-09eb-4fa8-bf3c-7f79754e96bd",
              "isHook": false,
              "skipped": false
            },
            {
              "title": "Should validate the correct store phone number is returned",
              "fullTitle": "This test Validates the response payload structure as well as store details for the city of Brandon Florida Should validate the correct store phone number is returned",
              "timedOut": false,
              "duration": 0,
              "state": "passed",
              "speed": "fast",
              "pass": true,
              "fail": false,
              "pending": false,
              "context": null,
              "code": "expect( singlObjFromResp.phoneNumber ).to.equal( scenario.phoneNumber );",
              "err": {},
              "uuid": "47ec71b1-fe18-4405-9b07-c71eae859287",
              "parentUUID": "bed6f8fd-09eb-4fa8-bf3c-7f79754e96bd",
              "isHook": false,
              "skipped": false
            },
            {
              "title": "Should validate the correct state value is returned",
              "fullTitle": "This test Validates the response payload structure as well as store details for the city of Brandon Florida Should validate the correct state value is returned",
              "timedOut": false,
              "duration": 0,
              "state": "passed",
              "speed": "fast",
              "pass": true,
              "fail": false,
              "pending": false,
              "context": null,
              "code": "expect( singlObjFromResp.state ).to.equal( scenario.state );",
              "err": {},
              "uuid": "8ec35ee4-080a-4528-874e-6273693a9487",
              "parentUUID": "bed6f8fd-09eb-4fa8-bf3c-7f79754e96bd",
              "isHook": false,
              "skipped": false
            },
            {
              "title": "Should validate the correct store name is returned",
              "fullTitle": "This test Validates the response payload structure as well as store details for the city of Brandon Florida Should validate the correct store name is returned",
              "timedOut": false,
              "duration": 0,
              "state": "passed",
              "speed": "fast",
              "pass": true,
              "fail": false,
              "pending": false,
              "context": null,
              "code": "expect( singlObjFromResp.storeName ).to.equal( scenario.storeName );",
              "err": {},
              "uuid": "4186c45c-d423-46fa-bdc9-0bfd6f8b0b4e",
              "parentUUID": "bed6f8fd-09eb-4fa8-bf3c-7f79754e96bd",
              "isHook": false,
              "skipped": false
            },
            {
              "title": "Should validate the correct store number is returned",
              "fullTitle": "This test Validates the response payload structure as well as store details for the city of Brandon Florida Should validate the correct store number is returned",
              "timedOut": false,
              "duration": 0,
              "state": "passed",
              "speed": "fast",
              "pass": true,
              "fail": false,
              "pending": false,
              "context": null,
              "code": "expect( singlObjFromResp.storeNumber ).to.equal( scenario.storeNumber );",
              "err": {},
              "uuid": "10a185c3-ba13-4e7a-bb0d-ad8bca2f9b93",
              "parentUUID": "bed6f8fd-09eb-4fa8-bf3c-7f79754e96bd",
              "isHook": false,
              "skipped": false
            },
            {
              "title": "Should validate the correct zip code is returned",
              "fullTitle": "This test Validates the response payload structure as well as store details for the city of Brandon Florida Should validate the correct zip code is returned",
              "timedOut": false,
              "duration": 0,
              "state": "passed",
              "speed": "fast",
              "pass": true,
              "fail": false,
              "pending": false,
              "context": null,
              "code": "expect( singlObjFromResp.zipcode ).to.equal( scenario.zipcode );",
              "err": {},
              "uuid": "cb5b731c-b215-467d-8472-1ab9e2e0b5b2",
              "parentUUID": "bed6f8fd-09eb-4fa8-bf3c-7f79754e96bd",
              "isHook": false,
              "skipped": false
            },
            {
              "title": "Should validate the regular closing hours for Brandon city are returned",
              "fullTitle": "This test Validates the response payload structure as well as store details for the city of Brandon Florida Should validate the regular closing hours for Brandon city are returned",
              "timedOut": false,
              "duration": 1,
              "state": "passed",
              "speed": "fast",
              "pass": true,
              "fail": false,
              "pending": false,
              "context": null,
              "code": "let timeIndex;\nsinglObjFromResp.hours.regularHours.forEach( function( regHrs ) {\n    timeIndex = scenario.regularHours.closeTimes[ regHrs.dayIndex ];                 \n    expect( regHrs.closeTime ).to.equal( hoursOfOperations.closeTimes[ timeIndex ] );\n});",
              "err": {},
              "uuid": "a1c74f6a-0740-4af2-be39-0ed6d3fab52e",
              "parentUUID": "bed6f8fd-09eb-4fa8-bf3c-7f79754e96bd",
              "isHook": false,
              "skipped": false
            },
            {
              "title": "Should validate the regular opening hours for Brandon city are returned",
              "fullTitle": "This test Validates the response payload structure as well as store details for the city of Brandon Florida Should validate the regular opening hours for Brandon city are returned",
              "timedOut": false,
              "duration": 0,
              "state": "passed",
              "speed": "fast",
              "pass": true,
              "fail": false,
              "pending": false,
              "context": null,
              "code": "let timeIndex;\nsinglObjFromResp.hours.regularHours.forEach( function( regHrs ) {\n    timeIndex = scenario.regularHours.openTimes[ regHrs.dayIndex ];                 \n    expect( regHrs.openTime ).to.equal( hoursOfOperations.openTimes[ timeIndex ] );\n});",
              "err": {},
              "uuid": "e0f090a2-52f7-4d32-91c6-697fcb3f2c42",
              "parentUUID": "bed6f8fd-09eb-4fa8-bf3c-7f79754e96bd",
              "isHook": false,
              "skipped": false
            },
            {
              "title": "Should validate the correct special hours is open valud is returned",
              "fullTitle": "This test Validates the response payload structure as well as store details for the city of Brandon Florida Should validate the correct special hours is open valud is returned",
              "timedOut": false,
              "duration": 0,
              "state": "passed",
              "speed": "fast",
              "pass": true,
              "fail": false,
              "pending": false,
              "context": null,
              "code": "expect( singlObjFromResp.hours.specialHours[ 0 ].isOpen ).to.equal( scenario.specialHours.isOpen );",
              "err": {},
              "uuid": "a32abf0b-b0e7-447d-aae6-f7d0415b9133",
              "parentUUID": "bed6f8fd-09eb-4fa8-bf3c-7f79754e96bd",
              "isHook": false,
              "skipped": false
            },
            {
              "title": "Should validate the correct special hours close time is returned",
              "fullTitle": "This test Validates the response payload structure as well as store details for the city of Brandon Florida Should validate the correct special hours close time is returned",
              "timedOut": false,
              "duration": 0,
              "state": "passed",
              "speed": "fast",
              "pass": true,
              "fail": false,
              "pending": false,
              "context": null,
              "code": "expect( singlObjFromResp.hours.specialHours[ 0 ].closeTime ).to.equal( scenario.specialHours.closeTime );",
              "err": {},
              "uuid": "9c17d341-3185-4d87-96f2-4523192febb7",
              "parentUUID": "bed6f8fd-09eb-4fa8-bf3c-7f79754e96bd",
              "isHook": false,
              "skipped": false
            },
            {
              "title": "Should validate the correct special hours open time is returned",
              "fullTitle": "This test Validates the response payload structure as well as store details for the city of Brandon Florida Should validate the correct special hours open time is returned",
              "timedOut": false,
              "duration": 1,
              "state": "passed",
              "speed": "fast",
              "pass": true,
              "fail": false,
              "pending": false,
              "context": null,
              "code": "expect( singlObjFromResp.hours.specialHours[ 0 ].openTime ).to.equal( scenario.specialHours.openTime );",
              "err": {},
              "uuid": "007479fa-c18c-4d09-9268-f6b24c08a4eb",
              "parentUUID": "bed6f8fd-09eb-4fa8-bf3c-7f79754e96bd",
              "isHook": false,
              "skipped": false
            }
          ],
          "suites": [],
          "passes": [
            "f0df94a1-900a-4c8b-8bda-644ffaf63a7e",
            "3ad182d0-5217-438d-91d1-530eb58f295c",
            "77b8844a-f9da-42c6-8e4f-29822438c661",
            "08d64e75-1472-45f0-a71c-3ff929776cd7",
            "8319f589-941d-41b9-8ce8-d81d49f7700b",
            "5f27372f-a3b5-46fa-b08a-c713a57a1438",
            "62eb0b7b-cbae-47f1-a4e5-1ad7d621d44e",
            "47ec71b1-fe18-4405-9b07-c71eae859287",
            "8ec35ee4-080a-4528-874e-6273693a9487",
            "4186c45c-d423-46fa-bdc9-0bfd6f8b0b4e",
            "10a185c3-ba13-4e7a-bb0d-ad8bca2f9b93",
            "cb5b731c-b215-467d-8472-1ab9e2e0b5b2",
            "a1c74f6a-0740-4af2-be39-0ed6d3fab52e",
            "e0f090a2-52f7-4d32-91c6-697fcb3f2c42",
            "a32abf0b-b0e7-447d-aae6-f7d0415b9133",
            "9c17d341-3185-4d87-96f2-4523192febb7",
            "007479fa-c18c-4d09-9268-f6b24c08a4eb"
          ],
          "failures": [],
          "pending": [],
          "skipped": [],
          "duration": 139,
          "root": false,
          "rootEmpty": false,
          "_timeout": 30000
        },
        {
          "uuid": "d425dcc6-5730-4cf8-9c0e-cf4821fec61f",
          "title": "This test Validates the error response payload structure an invalid zip code",
          "fullFile": "C:\\git\\rtgSeeInStore\\specs\\invalidZipCodeTest.js",
          "file": "\\specs\\invalidZipCodeTest.js",
          "beforeHooks": [],
          "afterHooks": [],
          "tests": [
            {
              "title": "Should make get call and save response",
              "fullTitle": "This test Validates the error response payload structure an invalid zip code Should make get call and save response",
              "timedOut": false,
              "duration": 428,
              "state": "passed",
              "speed": "slow",
              "pass": true,
              "fail": false,
              "pending": false,
              "context": null,
              "code": "const getParams = \"?\" + \"sku=\"+ scenario.sku + \"&zipcode=\" + scenario.zipCode;\n        request( getParams, function( err, rsp ){\n        \tif( err ){\n        \t\tconsole.log( err );\n                done();\n        \t} else {\n        \t\tresponse = rsp.body;\n        \t\tstatusCode = rsp.statusCode;\n                done();\n        \t}\n        });",
              "err": {},
              "uuid": "e5d6fdc5-2549-4158-af3f-052caebd222e",
              "parentUUID": "d425dcc6-5730-4cf8-9c0e-cf4821fec61f",
              "isHook": false,
              "skipped": false
            },
            {
              "title": "Should validate the error response payload structure",
              "fullTitle": "This test Validates the error response payload structure an invalid zip code Should validate the error response payload structure",
              "timedOut": false,
              "duration": 1,
              "state": "passed",
              "speed": "fast",
              "pass": true,
              "fail": false,
              "pending": false,
              "context": null,
              "code": "let responseObjproperties = Object.getOwnPropertyNames( response );\nlet errorObj = Object.getOwnPropertyNames( response.error );\nexpect( responseObjproperties ).to.eql( [ 'error' ] );\nexpect( errorObj ).to.eql( [ 'message' ] )",
              "err": {},
              "uuid": "fca703ac-3bba-4c20-ae49-0ee33b39d5f1",
              "parentUUID": "d425dcc6-5730-4cf8-9c0e-cf4821fec61f",
              "isHook": false,
              "skipped": false
            },
            {
              "title": "Should validate the correct error message is returned",
              "fullTitle": "This test Validates the error response payload structure an invalid zip code Should validate the correct error message is returned",
              "timedOut": false,
              "duration": 1,
              "state": "passed",
              "speed": "fast",
              "pass": true,
              "fail": false,
              "pending": false,
              "context": null,
              "code": "expect( response.error.message.replace(/\\s/g, '') ).to.equal( scenario.errorResponse.errorMessage.replace(/\\s/g, '' ) );",
              "err": {},
              "uuid": "bf15dcfd-02df-4111-8fbc-58e7bceb1367",
              "parentUUID": "d425dcc6-5730-4cf8-9c0e-cf4821fec61f",
              "isHook": false,
              "skipped": false
            }
          ],
          "suites": [],
          "passes": [
            "e5d6fdc5-2549-4158-af3f-052caebd222e",
            "fca703ac-3bba-4c20-ae49-0ee33b39d5f1",
            "bf15dcfd-02df-4111-8fbc-58e7bceb1367"
          ],
          "failures": [],
          "pending": [],
          "skipped": [],
          "duration": 430,
          "root": false,
          "rootEmpty": false,
          "_timeout": 30000
        },
        {
          "uuid": "b4dfa280-2550-4fec-b154-58a2802206f4",
          "title": "This test Validates the error response payload structure with an invalid zip & sku regex",
          "fullFile": "C:\\git\\rtgSeeInStore\\specs\\missingZipCodeTest.js",
          "file": "\\specs\\missingZipCodeTest.js",
          "beforeHooks": [],
          "afterHooks": [],
          "tests": [
            {
              "title": "Should make get call and save response",
              "fullTitle": "This test Validates the error response payload structure with an invalid zip & sku regex Should make get call and save response",
              "timedOut": false,
              "duration": 167,
              "state": "passed",
              "speed": "slow",
              "pass": true,
              "fail": false,
              "pending": false,
              "context": null,
              "code": "const getParams = \"?\" + \"sku=\"+ scenario.sku + \"&zipcode=\" + scenario.zipCode;\n        request( getParams, function( err, rsp ){\n        \tif( err ){\n        \t\tconsole.log( err );\n                done();\n        \t} else {\n        \t\tresponse = rsp.body;\n        \t\tstatusCode = rsp.statusCode;\n                done();\n        \t}\n        });",
              "err": {},
              "uuid": "14a8114c-9503-42b6-815c-9e0daf30c955",
              "parentUUID": "b4dfa280-2550-4fec-b154-58a2802206f4",
              "isHook": false,
              "skipped": false
            },
            {
              "title": "Should validate the error response payload structure",
              "fullTitle": "This test Validates the error response payload structure with an invalid zip & sku regex Should validate the error response payload structure",
              "timedOut": false,
              "duration": 0,
              "state": "passed",
              "speed": "fast",
              "pass": true,
              "fail": false,
              "pending": false,
              "context": null,
              "code": "response.forEach( function( rsp ){\n    let responseObjproperties = Object.getOwnPropertyNames( rsp );\n    expect( responseObjproperties.sort() ).to.eql( [ 'error', 'message' ].sort() );\n});",
              "err": {},
              "uuid": "7a82fdd5-f2fa-4ef3-a86e-d8b11173b934",
              "parentUUID": "b4dfa280-2550-4fec-b154-58a2802206f4",
              "isHook": false,
              "skipped": false
            },
            {
              "title": "Should validate the resposne inrer error obj structure",
              "fullTitle": "This test Validates the error response payload structure with an invalid zip & sku regex Should validate the resposne inrer error obj structure",
              "timedOut": false,
              "duration": 0,
              "state": "passed",
              "speed": "fast",
              "pass": true,
              "fail": false,
              "pending": false,
              "context": null,
              "code": "response.forEach( function( rsp ){\n    rsp.error.forEach( function( erObj ){\n        let errorObjKeys = Object.getOwnPropertyNames( erObj ).sort();\n        expect( errorObjKeys ).to.eql( [ 'code','params','message','path' ].sort());\n    });\n});",
              "err": {},
              "uuid": "fe7fccdc-0aed-457a-a253-164ac6cc6225",
              "parentUUID": "b4dfa280-2550-4fec-b154-58a2802206f4",
              "isHook": false,
              "skipped": false
            },
            {
              "title": "Should capture the error obj",
              "fullTitle": "This test Validates the error response payload structure with an invalid zip & sku regex Should capture the error obj",
              "timedOut": false,
              "duration": 0,
              "state": "passed",
              "speed": "fast",
              "pass": true,
              "fail": false,
              "pending": false,
              "context": null,
              "code": "errorObj = response.find( function( eObj ){\n    return eObj.message.replace(/\\s/g, '') === errs.message.replace(/\\s/g, '');\n} );",
              "err": {},
              "uuid": "57d5826b-88ce-4ebf-9021-be8b8aa404ed",
              "parentUUID": "b4dfa280-2550-4fec-b154-58a2802206f4",
              "isHook": false,
              "skipped": false
            },
            {
              "title": "Should validate the error code",
              "fullTitle": "This test Validates the error response payload structure with an invalid zip & sku regex Should validate the error code",
              "timedOut": false,
              "duration": 0,
              "state": "passed",
              "speed": "fast",
              "pass": true,
              "fail": false,
              "pending": false,
              "context": null,
              "code": "expect( errorObj.error[ 0 ].code ).to.equal( errs.error[ 0 ].code )",
              "err": {},
              "uuid": "346bd8e9-627d-43c0-979b-f97738c4f2a1",
              "parentUUID": "b4dfa280-2550-4fec-b154-58a2802206f4",
              "isHook": false,
              "skipped": false
            },
            {
              "title": "Should validate the regex list",
              "fullTitle": "This test Validates the error response payload structure with an invalid zip & sku regex Should validate the regex list",
              "timedOut": false,
              "duration": 2,
              "state": "passed",
              "speed": "fast",
              "pass": true,
              "fail": false,
              "pending": false,
              "context": null,
              "code": "expect( errorObj.error[ 0 ].params ).to.have.members( errs.error[ 0 ].params )",
              "err": {},
              "uuid": "bc18f207-52e5-48f3-9874-8d807ab84a1b",
              "parentUUID": "b4dfa280-2550-4fec-b154-58a2802206f4",
              "isHook": false,
              "skipped": false
            },
            {
              "title": "Should validate the error message",
              "fullTitle": "This test Validates the error response payload structure with an invalid zip & sku regex Should validate the error message",
              "timedOut": false,
              "duration": 0,
              "state": "passed",
              "speed": "fast",
              "pass": true,
              "fail": false,
              "pending": false,
              "context": null,
              "code": "expect( errorObj.error[ 0 ].message ).to.equal( errs.error[ 0 ].message )",
              "err": {},
              "uuid": "fe09f316-edd3-49cd-8882-c87fedcbbcb0",
              "parentUUID": "b4dfa280-2550-4fec-b154-58a2802206f4",
              "isHook": false,
              "skipped": false
            },
            {
              "title": "Should validate the error path",
              "fullTitle": "This test Validates the error response payload structure with an invalid zip & sku regex Should validate the error path",
              "timedOut": false,
              "duration": 0,
              "state": "passed",
              "speed": "fast",
              "pass": true,
              "fail": false,
              "pending": false,
              "context": null,
              "code": "expect( errorObj.error[ 0 ].path ).to.equal( errs.error[ 0 ].path )",
              "err": {},
              "uuid": "5efe5d4f-11c9-4cc1-b8bf-01d61a3fa792",
              "parentUUID": "b4dfa280-2550-4fec-b154-58a2802206f4",
              "isHook": false,
              "skipped": false
            },
            {
              "title": "Should capture the error obj",
              "fullTitle": "This test Validates the error response payload structure with an invalid zip & sku regex Should capture the error obj",
              "timedOut": false,
              "duration": 0,
              "state": "passed",
              "speed": "fast",
              "pass": true,
              "fail": false,
              "pending": false,
              "context": null,
              "code": "errorObj = response.find( function( eObj ){\n    return eObj.message.replace(/\\s/g, '') === errs.message.replace(/\\s/g, '');\n} );",
              "err": {},
              "uuid": "d134cd55-3394-4f43-9ea1-f2b581e583ab",
              "parentUUID": "b4dfa280-2550-4fec-b154-58a2802206f4",
              "isHook": false,
              "skipped": false
            },
            {
              "title": "Should validate the error code",
              "fullTitle": "This test Validates the error response payload structure with an invalid zip & sku regex Should validate the error code",
              "timedOut": false,
              "duration": 0,
              "state": "passed",
              "speed": "fast",
              "pass": true,
              "fail": false,
              "pending": false,
              "context": null,
              "code": "expect( errorObj.error[ 0 ].code ).to.equal( errs.error[ 0 ].code )",
              "err": {},
              "uuid": "b75f9d2c-6381-4cc5-a122-faee85004809",
              "parentUUID": "b4dfa280-2550-4fec-b154-58a2802206f4",
              "isHook": false,
              "skipped": false
            },
            {
              "title": "Should validate the regex list",
              "fullTitle": "This test Validates the error response payload structure with an invalid zip & sku regex Should validate the regex list",
              "timedOut": false,
              "duration": 0,
              "state": "passed",
              "speed": "fast",
              "pass": true,
              "fail": false,
              "pending": false,
              "context": null,
              "code": "expect( errorObj.error[ 0 ].params ).to.have.members( errs.error[ 0 ].params )",
              "err": {},
              "uuid": "c3086cd6-ec15-4df7-a499-78465968aa79",
              "parentUUID": "b4dfa280-2550-4fec-b154-58a2802206f4",
              "isHook": false,
              "skipped": false
            },
            {
              "title": "Should validate the error message",
              "fullTitle": "This test Validates the error response payload structure with an invalid zip & sku regex Should validate the error message",
              "timedOut": false,
              "duration": 0,
              "state": "passed",
              "speed": "fast",
              "pass": true,
              "fail": false,
              "pending": false,
              "context": null,
              "code": "expect( errorObj.error[ 0 ].message ).to.equal( errs.error[ 0 ].message )",
              "err": {},
              "uuid": "ddc27d6c-7bf6-4076-bba2-af823ff072dd",
              "parentUUID": "b4dfa280-2550-4fec-b154-58a2802206f4",
              "isHook": false,
              "skipped": false
            },
            {
              "title": "Should validate the error path",
              "fullTitle": "This test Validates the error response payload structure with an invalid zip & sku regex Should validate the error path",
              "timedOut": false,
              "duration": 0,
              "state": "passed",
              "speed": "fast",
              "pass": true,
              "fail": false,
              "pending": false,
              "context": null,
              "code": "expect( errorObj.error[ 0 ].path ).to.equal( errs.error[ 0 ].path )",
              "err": {},
              "uuid": "c3c5765b-2aa3-41f3-91e3-738d509c4c0a",
              "parentUUID": "b4dfa280-2550-4fec-b154-58a2802206f4",
              "isHook": false,
              "skipped": false
            }
          ],
          "suites": [],
          "passes": [
            "14a8114c-9503-42b6-815c-9e0daf30c955",
            "7a82fdd5-f2fa-4ef3-a86e-d8b11173b934",
            "fe7fccdc-0aed-457a-a253-164ac6cc6225",
            "57d5826b-88ce-4ebf-9021-be8b8aa404ed",
            "346bd8e9-627d-43c0-979b-f97738c4f2a1",
            "bc18f207-52e5-48f3-9874-8d807ab84a1b",
            "fe09f316-edd3-49cd-8882-c87fedcbbcb0",
            "5efe5d4f-11c9-4cc1-b8bf-01d61a3fa792",
            "d134cd55-3394-4f43-9ea1-f2b581e583ab",
            "b75f9d2c-6381-4cc5-a122-faee85004809",
            "c3086cd6-ec15-4df7-a499-78465968aa79",
            "ddc27d6c-7bf6-4076-bba2-af823ff072dd",
            "c3c5765b-2aa3-41f3-91e3-738d509c4c0a"
          ],
          "failures": [],
          "pending": [],
          "skipped": [],
          "duration": 169,
          "root": false,
          "rootEmpty": false,
          "_timeout": 30000
        },
        {
          "uuid": "ea339448-bf51-4c0c-ba93-2d29f92202d4",
          "title": "This test Validates the response payload structure as well as store details for the city of Port Charlotte Florida",
          "fullFile": "C:\\git\\rtgSeeInStore\\specs\\portCharlotteDetailsTest.js",
          "file": "\\specs\\portCharlotteDetailsTest.js",
          "beforeHooks": [],
          "afterHooks": [],
          "tests": [
            {
              "title": "Should make get call and save response",
              "fullTitle": "This test Validates the response payload structure as well as store details for the city of Port Charlotte Florida Should make get call and save response",
              "timedOut": false,
              "duration": 47,
              "state": "passed",
              "speed": "medium",
              "pass": true,
              "fail": false,
              "pending": false,
              "context": null,
              "code": "const getParams = \"?\" + \"sku=\"+ scenario.sku + \"&zipcode=\" + scenario.zipCode;\n        request( getParams, function( err, rsp ){\n        \tif( err ){\n        \t\tconsole.log( err );\n                done();\n        \t} else {\n        \t\tresponse = rsp.body;\n        \t\tstatusCode = rsp.statusCode;\n                done();\n        \t}\n        });",
              "err": {},
              "uuid": "9546c6ec-e986-46d2-8f63-f74c404c3832",
              "parentUUID": "ea339448-bf51-4c0c-ba93-2d29f92202d4",
              "isHook": false,
              "skipped": false
            },
            {
              "title": "Should validate all address response obj properties are accordingly returned",
              "fullTitle": "This test Validates the response payload structure as well as store details for the city of Port Charlotte Florida Should validate all address response obj properties are accordingly returned",
              "timedOut": false,
              "duration": 1,
              "state": "passed",
              "speed": "fast",
              "pass": true,
              "fail": false,
              "pending": false,
              "context": null,
              "code": "response.forEach( function( addrObj ){\n\tlet addrObjproperties = Object.getOwnPropertyNames( addrObj ).sort();\n    let responseProperties = [ 'address1','city','hours','latitude','longitude','phoneNumber','state','storeName','storeNumber','zipcode' ]\n    if( addrObjproperties.length > 10 ){\n        responseProperties.push( 'address2' );\n    }\n    expect( addrObjproperties ).to.eql( responseProperties.sort() );\n});",
              "err": {},
              "uuid": "cf480bd2-860f-49f6-8d47-828f55f7900a",
              "parentUUID": "ea339448-bf51-4c0c-ba93-2d29f92202d4",
              "isHook": false,
              "skipped": false
            },
            {
              "title": "Should validate all hours response obj properties are accordingly returned",
              "fullTitle": "This test Validates the response payload structure as well as store details for the city of Port Charlotte Florida Should validate all hours response obj properties are accordingly returned",
              "timedOut": false,
              "duration": 0,
              "state": "passed",
              "speed": "fast",
              "pass": true,
              "fail": false,
              "pending": false,
              "context": null,
              "code": "response.forEach( function( addrObj, i ){\n    let hoursObjProperties = Object.getOwnPropertyNames( addrObj.hours ).sort();\n    let options = {\n        0: JSON.stringify( [ 'regularHours','specialHours' ].sort() ),\n        1: JSON.stringify( [ 'regularHours','pickupHours' ].sort() ),\n        3: JSON.stringify( [ 'regularHours','pickupHours', 'specialHours' ].sort() ),\n        4: JSON.stringify( [ 'pickupHours', 'specialHours' ].sort() )\n    };\n    let a = JSON.stringify( hoursObjProperties );                \n    let t = function(){\n        if( a === options[ 0 ] || a === options[ 1 ] || a === options[ 2 ] || a === options[ 3 ] || a === options[ 4 ] ){\n            return true;\n        } else {\n            return false;\n        }\n    }\n    expect( t() ).to.equal( true );\n});",
              "err": {},
              "uuid": "579e63c9-ed2f-4c90-bbf1-9ca9dd74839d",
              "parentUUID": "ea339448-bf51-4c0c-ba93-2d29f92202d4",
              "isHook": false,
              "skipped": false
            },
            {
              "title": "Should capture and save specific city object from response",
              "fullTitle": "This test Validates the response payload structure as well as store details for the city of Port Charlotte Florida Should capture and save specific city object from response",
              "timedOut": false,
              "duration": 1,
              "state": "passed",
              "speed": "fast",
              "pass": true,
              "fail": false,
              "pending": false,
              "context": null,
              "code": "singlObjFromResp = response.find( function( obj ){\n    return obj.city = cityName;\n});\ndone();",
              "err": {},
              "uuid": "95bd1225-39f6-41f0-a711-e390b2278cb6",
              "parentUUID": "ea339448-bf51-4c0c-ba93-2d29f92202d4",
              "isHook": false,
              "skipped": false
            },
            {
              "title": "Should validate correct first line address is returned",
              "fullTitle": "This test Validates the response payload structure as well as store details for the city of Port Charlotte Florida Should validate correct first line address is returned",
              "timedOut": false,
              "duration": 0,
              "state": "passed",
              "speed": "fast",
              "pass": true,
              "fail": false,
              "pending": false,
              "context": null,
              "code": "expect( singlObjFromResp.address1 ).to.equal( scenario.address1 );",
              "err": {},
              "uuid": "db607b44-3e54-48c1-879e-852796168d90",
              "parentUUID": "ea339448-bf51-4c0c-ba93-2d29f92202d4",
              "isHook": false,
              "skipped": false
            },
            {
              "title": "Should validate the correct city latitude is returned",
              "fullTitle": "This test Validates the response payload structure as well as store details for the city of Port Charlotte Florida Should validate the correct city latitude is returned",
              "timedOut": false,
              "duration": 0,
              "state": "passed",
              "speed": "fast",
              "pass": true,
              "fail": false,
              "pending": false,
              "context": null,
              "code": "expect( singlObjFromResp.latitude ).to.equal( scenario.latitude );",
              "err": {},
              "uuid": "961aec0d-3976-41f6-b3e9-657f8a50549f",
              "parentUUID": "ea339448-bf51-4c0c-ba93-2d29f92202d4",
              "isHook": false,
              "skipped": false
            },
            {
              "title": "Should validate the correct city longitude is returned",
              "fullTitle": "This test Validates the response payload structure as well as store details for the city of Port Charlotte Florida Should validate the correct city longitude is returned",
              "timedOut": false,
              "duration": 0,
              "state": "passed",
              "speed": "fast",
              "pass": true,
              "fail": false,
              "pending": false,
              "context": null,
              "code": "expect( singlObjFromResp.longitude ).to.equal( scenario.longitude );",
              "err": {},
              "uuid": "97f8173a-3d5f-4b05-b579-af5c8e82e0e7",
              "parentUUID": "ea339448-bf51-4c0c-ba93-2d29f92202d4",
              "isHook": false,
              "skipped": false
            },
            {
              "title": "Should validate the correct store phone number is returned",
              "fullTitle": "This test Validates the response payload structure as well as store details for the city of Port Charlotte Florida Should validate the correct store phone number is returned",
              "timedOut": false,
              "duration": 0,
              "state": "passed",
              "speed": "fast",
              "pass": true,
              "fail": false,
              "pending": false,
              "context": null,
              "code": "expect( singlObjFromResp.phoneNumber ).to.equal( scenario.phoneNumber );",
              "err": {},
              "uuid": "90ee63aa-1c3a-44fc-b699-2bb797cd3604",
              "parentUUID": "ea339448-bf51-4c0c-ba93-2d29f92202d4",
              "isHook": false,
              "skipped": false
            },
            {
              "title": "Should validate the correct state value is returned",
              "fullTitle": "This test Validates the response payload structure as well as store details for the city of Port Charlotte Florida Should validate the correct state value is returned",
              "timedOut": false,
              "duration": 0,
              "state": "passed",
              "speed": "fast",
              "pass": true,
              "fail": false,
              "pending": false,
              "context": null,
              "code": "expect( singlObjFromResp.state ).to.equal( scenario.state );",
              "err": {},
              "uuid": "00b0ba38-4c4b-4445-a827-cb33905e6e04",
              "parentUUID": "ea339448-bf51-4c0c-ba93-2d29f92202d4",
              "isHook": false,
              "skipped": false
            },
            {
              "title": "Should validate the correct store name is returned",
              "fullTitle": "This test Validates the response payload structure as well as store details for the city of Port Charlotte Florida Should validate the correct store name is returned",
              "timedOut": false,
              "duration": 0,
              "state": "passed",
              "speed": "fast",
              "pass": true,
              "fail": false,
              "pending": false,
              "context": null,
              "code": "expect( singlObjFromResp.storeName ).to.equal( scenario.storeName );",
              "err": {},
              "uuid": "953bb59f-0272-4323-967f-af665318bb27",
              "parentUUID": "ea339448-bf51-4c0c-ba93-2d29f92202d4",
              "isHook": false,
              "skipped": false
            },
            {
              "title": "Should validate the correct store number is returned",
              "fullTitle": "This test Validates the response payload structure as well as store details for the city of Port Charlotte Florida Should validate the correct store number is returned",
              "timedOut": false,
              "duration": 0,
              "state": "passed",
              "speed": "fast",
              "pass": true,
              "fail": false,
              "pending": false,
              "context": null,
              "code": "expect( singlObjFromResp.storeNumber ).to.equal( scenario.storeNumber );",
              "err": {},
              "uuid": "db91a0a7-cc92-4db4-ad9a-9e63e50e0c88",
              "parentUUID": "ea339448-bf51-4c0c-ba93-2d29f92202d4",
              "isHook": false,
              "skipped": false
            },
            {
              "title": "Should validate the correct zip code is returned",
              "fullTitle": "This test Validates the response payload structure as well as store details for the city of Port Charlotte Florida Should validate the correct zip code is returned",
              "timedOut": false,
              "duration": 0,
              "state": "passed",
              "speed": "fast",
              "pass": true,
              "fail": false,
              "pending": false,
              "context": null,
              "code": "expect( singlObjFromResp.zipcode ).to.equal( scenario.zipcode );",
              "err": {},
              "uuid": "60b7db05-ac82-4094-b1ce-49d6e2a0750a",
              "parentUUID": "ea339448-bf51-4c0c-ba93-2d29f92202d4",
              "isHook": false,
              "skipped": false
            },
            {
              "title": "Should validate the regular closing hours for Port Charlotte city are returned",
              "fullTitle": "This test Validates the response payload structure as well as store details for the city of Port Charlotte Florida Should validate the regular closing hours for Port Charlotte city are returned",
              "timedOut": false,
              "duration": 1,
              "state": "passed",
              "speed": "fast",
              "pass": true,
              "fail": false,
              "pending": false,
              "context": null,
              "code": "let timeIndex;\nsinglObjFromResp.hours.regularHours.forEach( function( regHrs ) {\n    timeIndex = scenario.regularHours.closeTimes[ regHrs.dayIndex ];                 \n    expect( regHrs.closeTime ).to.equal( hoursOfOperations.closeTimes[ timeIndex ] );\n});",
              "err": {},
              "uuid": "881137bf-e9dd-4f56-96e6-9b5762c6b22c",
              "parentUUID": "ea339448-bf51-4c0c-ba93-2d29f92202d4",
              "isHook": false,
              "skipped": false
            },
            {
              "title": "Should validate the regular opening hours for Port Charlotte city are returned",
              "fullTitle": "This test Validates the response payload structure as well as store details for the city of Port Charlotte Florida Should validate the regular opening hours for Port Charlotte city are returned",
              "timedOut": false,
              "duration": 0,
              "state": "passed",
              "speed": "fast",
              "pass": true,
              "fail": false,
              "pending": false,
              "context": null,
              "code": "let timeIndex;\nsinglObjFromResp.hours.regularHours.forEach( function( regHrs ) {\n    timeIndex = scenario.regularHours.openTimes[ regHrs.dayIndex ];                 \n    expect( regHrs.openTime ).to.equal( hoursOfOperations.openTimes[ timeIndex ] );\n});",
              "err": {},
              "uuid": "4781b7a7-469c-415f-b804-0f4191f384db",
              "parentUUID": "ea339448-bf51-4c0c-ba93-2d29f92202d4",
              "isHook": false,
              "skipped": false
            },
            {
              "title": "Should validate the correct pick up closing hours for Port Charlotte city are returned",
              "fullTitle": "This test Validates the response payload structure as well as store details for the city of Port Charlotte Florida Should validate the correct pick up closing hours for Port Charlotte city are returned",
              "timedOut": false,
              "duration": 0,
              "state": "passed",
              "speed": "fast",
              "pass": true,
              "fail": false,
              "pending": false,
              "context": null,
              "code": "let timeIndex;\nsinglObjFromResp.hours.pickupHours.forEach( function( pckpHrs ) {\n    timeIndex = scenario.pickupHours.closeTimes[ pckpHrs.dayIndex ];                 \n    expect( pckpHrs.closeTime ).to.equal( hoursOfOperations.closeTimes[ timeIndex ] );\n});",
              "err": {},
              "uuid": "ac6fc78b-13b3-402c-ae75-2ba3bc01c0c1",
              "parentUUID": "ea339448-bf51-4c0c-ba93-2d29f92202d4",
              "isHook": false,
              "skipped": false
            },
            {
              "title": "Should validate the correct pick up opening hours for Port Charlotte city are returned",
              "fullTitle": "This test Validates the response payload structure as well as store details for the city of Port Charlotte Florida Should validate the correct pick up opening hours for Port Charlotte city are returned",
              "timedOut": false,
              "duration": 0,
              "state": "passed",
              "speed": "fast",
              "pass": true,
              "fail": false,
              "pending": false,
              "context": null,
              "code": "let timeIndex;\nsinglObjFromResp.hours.pickupHours.forEach( function( pckpHrs ) {\n    timeIndex = scenario.pickupHours.openTimes[ pckpHrs.dayIndex ];                 \n    expect( pckpHrs.openTime ).to.equal( hoursOfOperations.openTimes[ timeIndex ] );\n});",
              "err": {},
              "uuid": "e1f294a1-4ec3-4795-9f07-ae1246aff0ef",
              "parentUUID": "ea339448-bf51-4c0c-ba93-2d29f92202d4",
              "isHook": false,
              "skipped": false
            },
            {
              "title": "Should validate the correct special hours is open valud is returned",
              "fullTitle": "This test Validates the response payload structure as well as store details for the city of Port Charlotte Florida Should validate the correct special hours is open valud is returned",
              "timedOut": false,
              "duration": 0,
              "state": "passed",
              "speed": "fast",
              "pass": true,
              "fail": false,
              "pending": false,
              "context": null,
              "code": "expect( singlObjFromResp.hours.specialHours[ 0 ].isOpen ).to.equal( scenario.specialHours.isOpen );",
              "err": {},
              "uuid": "b4f91fcc-4c72-4dc0-bb93-762546c994c9",
              "parentUUID": "ea339448-bf51-4c0c-ba93-2d29f92202d4",
              "isHook": false,
              "skipped": false
            },
            {
              "title": "Should validate the correct special hours close time is returned",
              "fullTitle": "This test Validates the response payload structure as well as store details for the city of Port Charlotte Florida Should validate the correct special hours close time is returned",
              "timedOut": false,
              "duration": 0,
              "state": "passed",
              "speed": "fast",
              "pass": true,
              "fail": false,
              "pending": false,
              "context": null,
              "code": "expect( singlObjFromResp.hours.specialHours[ 0 ].closeTime ).to.equal( scenario.specialHours.closeTime );",
              "err": {},
              "uuid": "6fd901c0-62c9-4924-9466-d29a787ce9a6",
              "parentUUID": "ea339448-bf51-4c0c-ba93-2d29f92202d4",
              "isHook": false,
              "skipped": false
            },
            {
              "title": "Should validate the correct special hours open time is returned",
              "fullTitle": "This test Validates the response payload structure as well as store details for the city of Port Charlotte Florida Should validate the correct special hours open time is returned",
              "timedOut": false,
              "duration": 0,
              "state": "passed",
              "speed": "fast",
              "pass": true,
              "fail": false,
              "pending": false,
              "context": null,
              "code": "expect( singlObjFromResp.hours.specialHours[ 0 ].openTime ).to.equal( scenario.specialHours.openTime );",
              "err": {},
              "uuid": "0c1226b1-42ab-4d42-8337-00444dceb00f",
              "parentUUID": "ea339448-bf51-4c0c-ba93-2d29f92202d4",
              "isHook": false,
              "skipped": false
            }
          ],
          "suites": [],
          "passes": [
            "9546c6ec-e986-46d2-8f63-f74c404c3832",
            "cf480bd2-860f-49f6-8d47-828f55f7900a",
            "579e63c9-ed2f-4c90-bbf1-9ca9dd74839d",
            "95bd1225-39f6-41f0-a711-e390b2278cb6",
            "db607b44-3e54-48c1-879e-852796168d90",
            "961aec0d-3976-41f6-b3e9-657f8a50549f",
            "97f8173a-3d5f-4b05-b579-af5c8e82e0e7",
            "90ee63aa-1c3a-44fc-b699-2bb797cd3604",
            "00b0ba38-4c4b-4445-a827-cb33905e6e04",
            "953bb59f-0272-4323-967f-af665318bb27",
            "db91a0a7-cc92-4db4-ad9a-9e63e50e0c88",
            "60b7db05-ac82-4094-b1ce-49d6e2a0750a",
            "881137bf-e9dd-4f56-96e6-9b5762c6b22c",
            "4781b7a7-469c-415f-b804-0f4191f384db",
            "ac6fc78b-13b3-402c-ae75-2ba3bc01c0c1",
            "e1f294a1-4ec3-4795-9f07-ae1246aff0ef",
            "b4f91fcc-4c72-4dc0-bb93-762546c994c9",
            "6fd901c0-62c9-4924-9466-d29a787ce9a6",
            "0c1226b1-42ab-4d42-8337-00444dceb00f"
          ],
          "failures": [],
          "pending": [],
          "skipped": [],
          "duration": 50,
          "root": false,
          "rootEmpty": false,
          "_timeout": 30000
        }
      ],
      "passes": [],
      "failures": [],
      "pending": [],
      "skipped": [],
      "duration": 0,
      "root": true,
      "rootEmpty": true,
      "_timeout": 30000
    }
  ],
  "meta": {
    "mocha": {
      "version": "6.2.2"
    },
    "mochawesome": {
      "options": {
        "quiet": false,
        "reportFilename": "mochawesome",
        "saveHtml": true,
        "saveJson": true,
        "consoleReporter": "spec",
        "useInlineDiffs": false
      },
      "version": "4.1.0"
    },
    "marge": {
      "options": null,
      "version": "4.1.0"
    }
  }
}